#
# There is insufficient memory for the Java Runtime Environment to continue.
# Native memory allocation (malloc) failed to allocate 34736 bytes for Chunk::new
# Possible reasons:
#   The system is out of physical RAM or swap space
#   The process is running with CompressedOops enabled, and the Java Heap may be blocking the growth of the native heap
# Possible solutions:
#   Reduce memory load on the system
#   Increase physical memory or swap space
#   Check if swap backing store is full
#   Decrease Java heap size (-Xmx/-Xms)
#   Decrease number of Java threads
#   Decrease Java thread stack sizes (-Xss)
#   Set larger code cache with -XX:ReservedCodeCacheSize=
#   JVM is running with Unscaled Compressed Oops mode in which the Java heap is
#     placed in the first 4GB address space. The Java Heap base address is the
#     maximum limit for the native heap growth. Please use -XX:HeapBaseMinAddress
#     to set the Java Heap base and to place the Java Heap above 4GB virtual address.
# This output file may be truncated or incomplete.
#
#  Out of Memory Error (arena.cpp:168), pid=11656, tid=3676
#
# JRE version: Java(TM) SE Runtime Environment (21.0.2+13) (build 21.0.2+13-LTS-58)
# Java VM: Java HotSpot(TM) 64-Bit Server VM (21.0.2+13-LTS-58, mixed mode, sharing, tiered, compressed oops, compressed class ptrs, g1 gc, windows-amd64)
# No core dump will be written. Minidumps are not enabled by default on client versions of Windows
#

---------------  S U M M A R Y ------------

Command Line: -Dfile.encoding=UTF-8 -Dstdout.encoding=UTF-8 -Dstderr.encoding=UTF-8 -XX:+ShowCodeDetailsInExceptionMessages com.pack.Login

Host: Intel(R) Core(TM) i5-6200U CPU @ 2.30GHz, 4 cores, 7G,  Windows 10 , 64 bit Build 19041 (10.0.19041.3636)
Time: Wed Jul 17 12:51:10 2024 India Standard Time elapsed time: 6866.322881 seconds (0d 1h 54m 26s)

---------------  T H R E A D  ---------------

Current thread (0x000001c934da9c30):  JavaThread "C2 CompilerThread0" daemon [_thread_in_native, id=3676, stack(0x0000006e3fb00000,0x0000006e3fc00000) (1024K)]


Current CompileTask:
C2:6866323  868       4       sun.java2d.loops.GraphicsPrimitiveMgr::locate (104 bytes)

Stack: [0x0000006e3fb00000,0x0000006e3fc00000]
Native frames: (J=compiled Java code, j=interpreted, Vv=VM code, C=native code)
V  [jvm.dll+0x6cade9]
V  [jvm.dll+0x8569c1]
V  [jvm.dll+0x858d2e]
V  [jvm.dll+0x859413]
V  [jvm.dll+0x280e56]
V  [jvm.dll+0xc3f3d]
V  [jvm.dll+0xc4473]
V  [jvm.dll+0x2f437f]
V  [jvm.dll+0x5f5056]
V  [jvm.dll+0x252d7f]
V  [jvm.dll+0x24b589]
V  [jvm.dll+0x2490a3]
V  [jvm.dll+0x1c9634]
V  [jvm.dll+0x258859]
V  [jvm.dll+0x256e3a]
V  [jvm.dll+0x3ef6c6]
V  [jvm.dll+0x7ff568]
V  [jvm.dll+0x6c953d]
C  [ucrtbase.dll+0x21bb2]
C  [KERNEL32.DLL+0x17344]
C  [ntdll.dll+0x4cc91]


---------------  P R O C E S S  ---------------

Threads class SMR info:
_java_thread_list=0x000001c97a37fe90, length=16, elements={
0x000001c934d96160, 0x000001c934d98290, 0x000001c934d9e270, 0x000001c934d9eb60,
0x000001c934d9fb20, 0x000001c934da4af0, 0x000001c934da9c30, 0x000001c934daec50,
0x000001c97a0d9980, 0x000001c97a10ee10, 0x000001c97a2b1c00, 0x000001c97a2b34a0,
0x000001c97a2b3f20, 0x000001c97a33cce0, 0x000001c916a26010, 0x000001c97b990100
}

Java Threads: ( => current thread )
  0x000001c934d96160 JavaThread "Reference Handler"          daemon [_thread_blocked, id=13580, stack(0x0000006e3f500000,0x0000006e3f600000) (1024K)]
  0x000001c934d98290 JavaThread "Finalizer"                  daemon [_thread_blocked, id=13720, stack(0x0000006e3f600000,0x0000006e3f700000) (1024K)]
  0x000001c934d9e270 JavaThread "Signal Dispatcher"          daemon [_thread_blocked, id=18464, stack(0x0000006e3f700000,0x0000006e3f800000) (1024K)]
  0x000001c934d9eb60 JavaThread "Attach Listener"            daemon [_thread_blocked, id=13884, stack(0x0000006e3f800000,0x0000006e3f900000) (1024K)]
  0x000001c934d9fb20 JavaThread "Service Thread"             daemon [_thread_blocked, id=17444, stack(0x0000006e3f900000,0x0000006e3fa00000) (1024K)]
  0x000001c934da4af0 JavaThread "Monitor Deflation Thread"   daemon [_thread_blocked, id=11352, stack(0x0000006e3fa00000,0x0000006e3fb00000) (1024K)]
=>0x000001c934da9c30 JavaThread "C2 CompilerThread0"         daemon [_thread_in_native, id=3676, stack(0x0000006e3fb00000,0x0000006e3fc00000) (1024K)]
  0x000001c934daec50 JavaThread "C1 CompilerThread0"         daemon [_thread_blocked, id=15124, stack(0x0000006e3fc00000,0x0000006e3fd00000) (1024K)]
  0x000001c97a0d9980 JavaThread "Notification Thread"        daemon [_thread_blocked, id=5552, stack(0x0000006e3fd00000,0x0000006e3fe00000) (1024K)]
  0x000001c97a10ee10 JavaThread "Common-Cleaner"             daemon [_thread_blocked, id=14204, stack(0x0000006e3fe00000,0x0000006e3ff00000) (1024K)]
  0x000001c97a2b1c00 JavaThread "Java2D Disposer"            daemon [_thread_blocked, id=4108, stack(0x0000006e3ff00000,0x0000006e40000000) (1024K)]
  0x000001c97a2b34a0 JavaThread "AWT-Shutdown"                      [_thread_blocked, id=10248, stack(0x0000006e40000000,0x0000006e40100000) (1024K)]
  0x000001c97a2b3f20 JavaThread "AWT-Windows"                daemon [_thread_in_native, id=13064, stack(0x0000006e40100000,0x0000006e40200000) (1024K)]
  0x000001c97a33cce0 JavaThread "AWT-EventQueue-0"                  [_thread_blocked, id=2556, stack(0x0000006e40300000,0x0000006e40400000) (1024K)]
  0x000001c916a26010 JavaThread "DestroyJavaVM"                     [_thread_blocked, id=12560, stack(0x0000006e3ed00000,0x0000006e3ee00000) (1024K)]
  0x000001c97b990100 JavaThread "TimerQueue"                 daemon [_thread_blocked, id=9048, stack(0x0000006e40700000,0x0000006e40800000) (1024K)]
Total: 16

Other Threads:
  0x000001c934d77f10 VMThread "VM Thread"                           [id=8572, stack(0x0000006e3f400000,0x0000006e3f500000) (1024K)]
  0x000001c934d5fdd0 WatcherThread "VM Periodic Task Thread"        [id=16344, stack(0x0000006e3f300000,0x0000006e3f400000) (1024K)]
  0x000001c918d1b8d0 WorkerThread "GC Thread#0"                     [id=16500, stack(0x0000006e3ee00000,0x0000006e3ef00000) (1024K)]
  0x000001c918d2d5e0 ConcurrentGCThread "G1 Main Marker"            [id=8356, stack(0x0000006e3ef00000,0x0000006e3f000000) (1024K)]
  0x000001c918d2dff0 WorkerThread "G1 Conc#0"                       [id=16564, stack(0x0000006e3f000000,0x0000006e3f100000) (1024K)]
  0x000001c918d9ea40 ConcurrentGCThread "G1 Refine#0"               [id=14020, stack(0x0000006e3f100000,0x0000006e3f200000) (1024K)]
  0x000001c934c250c0 ConcurrentGCThread "G1 Service"                [id=11320, stack(0x0000006e3f200000,0x0000006e3f300000) (1024K)]
Total: 7

Threads with active compile tasks:
C2 CompilerThread0  6866421  868       4       sun.java2d.loops.GraphicsPrimitiveMgr::locate (104 bytes)
Total: 1

VM state: not at safepoint (normal execution)

VM Mutex/Monitor currently owned by a thread: None

Heap address: 0x0000000081a00000, size: 2022 MB, Compressed Oops mode: 32-bit

CDS archive(s) mapped at: [0x000001c935000000-0x000001c935c90000-0x000001c935c90000), size 13172736, SharedBaseAddress: 0x000001c935000000, ArchiveRelocationMode: 1.
Compressed class space mapped at: 0x000001c936000000-0x000001c976000000, reserved size: 1073741824
Narrow klass base: 0x000001c935000000, Narrow klass shift: 0, Narrow klass range: 0x100000000

GC Precious Log:
 CardTable entry size: 512
 Card Set container configuration: InlinePtr #cards 5 size 8 Array Of Cards #cards 12 size 40 Howl #buckets 4 coarsen threshold 1843 Howl Bitmap #cards 512 size 80 coarsen threshold 460 Card regions per heap region 1 cards per card region 2048
 CPUs: 4 total, 4 available
 Memory: 8082M
 Large Page Support: Disabled
 NUMA Support: Disabled
 Compressed Oops: Enabled (32-bit)
 Heap Region Size: 1M
 Heap Min Capacity: 8M
 Heap Initial Capacity: 128M
 Heap Max Capacity: 2022M
 Pre-touch: Disabled
 Parallel Workers: 4
 Concurrent Workers: 1
 Concurrent Refinement Workers: 4
 Periodic GC: Disabled

Heap:
 garbage-first heap   total 131072K, used 12288K [0x0000000081a00000, 0x0000000100000000)
  region size 1024K, 9 young (9216K), 0 survivors (0K)
 Metaspace       used 7972K, committed 8256K, reserved 1114112K
  class space    used 893K, committed 1024K, reserved 1048576K

Heap Regions: E=young(eden), S=young(survivor), O=old, HS=humongous(starts), HC=humongous(continues), CS=collection set, F=free, TAMS=top-at-mark-start, PB=parsable bottom
|   0|0x0000000081a00000, 0x0000000081b00000, 0x0000000081b00000|100%|HS|  |TAMS 0x0000000081a00000| PB 0x0000000081a00000| Complete 
|   1|0x0000000081b00000, 0x0000000081c00000, 0x0000000081c00000|100%|HC|  |TAMS 0x0000000081b00000| PB 0x0000000081b00000| Complete 
|   2|0x0000000081c00000, 0x0000000081d00000, 0x0000000081d00000|100%|HS|  |TAMS 0x0000000081c00000| PB 0x0000000081c00000| Complete 
|   3|0x0000000081d00000, 0x0000000081e00000, 0x0000000081e00000|100%|HC|  |TAMS 0x0000000081d00000| PB 0x0000000081d00000| Complete 
|   4|0x0000000081e00000, 0x0000000081e00000, 0x0000000081f00000|  0%| F|  |TAMS 0x0000000081e00000| PB 0x0000000081e00000| Untracked 
|   5|0x0000000081f00000, 0x0000000081f00000, 0x0000000082000000|  0%| F|  |TAMS 0x0000000081f00000| PB 0x0000000081f00000| Untracked 
|   6|0x0000000082000000, 0x0000000082000000, 0x0000000082100000|  0%| F|  |TAMS 0x0000000082000000| PB 0x0000000082000000| Untracked 
|   7|0x0000000082100000, 0x0000000082100000, 0x0000000082200000|  0%| F|  |TAMS 0x0000000082100000| PB 0x0000000082100000| Untracked 
|   8|0x0000000082200000, 0x0000000082200000, 0x0000000082300000|  0%| F|  |TAMS 0x0000000082200000| PB 0x0000000082200000| Untracked 
|   9|0x0000000082300000, 0x0000000082300000, 0x0000000082400000|  0%| F|  |TAMS 0x0000000082300000| PB 0x0000000082300000| Untracked 
|  10|0x0000000082400000, 0x0000000082400000, 0x0000000082500000|  0%| F|  |TAMS 0x0000000082400000| PB 0x0000000082400000| Untracked 
|  11|0x0000000082500000, 0x0000000082500000, 0x0000000082600000|  0%| F|  |TAMS 0x0000000082500000| PB 0x0000000082500000| Untracked 
|  12|0x0000000082600000, 0x0000000082600000, 0x0000000082700000|  0%| F|  |TAMS 0x0000000082600000| PB 0x0000000082600000| Untracked 
|  13|0x0000000082700000, 0x0000000082700000, 0x0000000082800000|  0%| F|  |TAMS 0x0000000082700000| PB 0x0000000082700000| Untracked 
|  14|0x0000000082800000, 0x0000000082800000, 0x0000000082900000|  0%| F|  |TAMS 0x0000000082800000| PB 0x0000000082800000| Untracked 
|  15|0x0000000082900000, 0x0000000082900000, 0x0000000082a00000|  0%| F|  |TAMS 0x0000000082900000| PB 0x0000000082900000| Untracked 
|  16|0x0000000082a00000, 0x0000000082a00000, 0x0000000082b00000|  0%| F|  |TAMS 0x0000000082a00000| PB 0x0000000082a00000| Untracked 
|  17|0x0000000082b00000, 0x0000000082b00000, 0x0000000082c00000|  0%| F|  |TAMS 0x0000000082b00000| PB 0x0000000082b00000| Untracked 
|  18|0x0000000082c00000, 0x0000000082c00000, 0x0000000082d00000|  0%| F|  |TAMS 0x0000000082c00000| PB 0x0000000082c00000| Untracked 
|  19|0x0000000082d00000, 0x0000000082d00000, 0x0000000082e00000|  0%| F|  |TAMS 0x0000000082d00000| PB 0x0000000082d00000| Untracked 
|  20|0x0000000082e00000, 0x0000000082e00000, 0x0000000082f00000|  0%| F|  |TAMS 0x0000000082e00000| PB 0x0000000082e00000| Untracked 
|  21|0x0000000082f00000, 0x0000000082f00000, 0x0000000083000000|  0%| F|  |TAMS 0x0000000082f00000| PB 0x0000000082f00000| Untracked 
|  22|0x0000000083000000, 0x0000000083000000, 0x0000000083100000|  0%| F|  |TAMS 0x0000000083000000| PB 0x0000000083000000| Untracked 
|  23|0x0000000083100000, 0x0000000083100000, 0x0000000083200000|  0%| F|  |TAMS 0x0000000083100000| PB 0x0000000083100000| Untracked 
|  24|0x0000000083200000, 0x0000000083200000, 0x0000000083300000|  0%| F|  |TAMS 0x0000000083200000| PB 0x0000000083200000| Untracked 
|  25|0x0000000083300000, 0x0000000083300000, 0x0000000083400000|  0%| F|  |TAMS 0x0000000083300000| PB 0x0000000083300000| Untracked 
|  26|0x0000000083400000, 0x0000000083400000, 0x0000000083500000|  0%| F|  |TAMS 0x0000000083400000| PB 0x0000000083400000| Untracked 
|  27|0x0000000083500000, 0x0000000083500000, 0x0000000083600000|  0%| F|  |TAMS 0x0000000083500000| PB 0x0000000083500000| Untracked 
|  28|0x0000000083600000, 0x0000000083600000, 0x0000000083700000|  0%| F|  |TAMS 0x0000000083600000| PB 0x0000000083600000| Untracked 
|  29|0x0000000083700000, 0x0000000083700000, 0x0000000083800000|  0%| F|  |TAMS 0x0000000083700000| PB 0x0000000083700000| Untracked 
|  30|0x0000000083800000, 0x0000000083800000, 0x0000000083900000|  0%| F|  |TAMS 0x0000000083800000| PB 0x0000000083800000| Untracked 
|  31|0x0000000083900000, 0x0000000083900000, 0x0000000083a00000|  0%| F|  |TAMS 0x0000000083900000| PB 0x0000000083900000| Untracked 
|  32|0x0000000083a00000, 0x0000000083a00000, 0x0000000083b00000|  0%| F|  |TAMS 0x0000000083a00000| PB 0x0000000083a00000| Untracked 
|  33|0x0000000083b00000, 0x0000000083b00000, 0x0000000083c00000|  0%| F|  |TAMS 0x0000000083b00000| PB 0x0000000083b00000| Untracked 
|  34|0x0000000083c00000, 0x0000000083c00000, 0x0000000083d00000|  0%| F|  |TAMS 0x0000000083c00000| PB 0x0000000083c00000| Untracked 
|  35|0x0000000083d00000, 0x0000000083d00000, 0x0000000083e00000|  0%| F|  |TAMS 0x0000000083d00000| PB 0x0000000083d00000| Untracked 
|  36|0x0000000083e00000, 0x0000000083e00000, 0x0000000083f00000|  0%| F|  |TAMS 0x0000000083e00000| PB 0x0000000083e00000| Untracked 
|  37|0x0000000083f00000, 0x0000000083f00000, 0x0000000084000000|  0%| F|  |TAMS 0x0000000083f00000| PB 0x0000000083f00000| Untracked 
|  38|0x0000000084000000, 0x0000000084000000, 0x0000000084100000|  0%| F|  |TAMS 0x0000000084000000| PB 0x0000000084000000| Untracked 
|  39|0x0000000084100000, 0x0000000084100000, 0x0000000084200000|  0%| F|  |TAMS 0x0000000084100000| PB 0x0000000084100000| Untracked 
|  40|0x0000000084200000, 0x0000000084200000, 0x0000000084300000|  0%| F|  |TAMS 0x0000000084200000| PB 0x0000000084200000| Untracked 
|  41|0x0000000084300000, 0x0000000084300000, 0x0000000084400000|  0%| F|  |TAMS 0x0000000084300000| PB 0x0000000084300000| Untracked 
|  42|0x0000000084400000, 0x0000000084400000, 0x0000000084500000|  0%| F|  |TAMS 0x0000000084400000| PB 0x0000000084400000| Untracked 
|  43|0x0000000084500000, 0x0000000084500000, 0x0000000084600000|  0%| F|  |TAMS 0x0000000084500000| PB 0x0000000084500000| Untracked 
|  44|0x0000000084600000, 0x0000000084600000, 0x0000000084700000|  0%| F|  |TAMS 0x0000000084600000| PB 0x0000000084600000| Untracked 
|  45|0x0000000084700000, 0x0000000084700000, 0x0000000084800000|  0%| F|  |TAMS 0x0000000084700000| PB 0x0000000084700000| Untracked 
|  46|0x0000000084800000, 0x0000000084800000, 0x0000000084900000|  0%| F|  |TAMS 0x0000000084800000| PB 0x0000000084800000| Untracked 
|  47|0x0000000084900000, 0x0000000084900000, 0x0000000084a00000|  0%| F|  |TAMS 0x0000000084900000| PB 0x0000000084900000| Untracked 
|  48|0x0000000084a00000, 0x0000000084a00000, 0x0000000084b00000|  0%| F|  |TAMS 0x0000000084a00000| PB 0x0000000084a00000| Untracked 
|  49|0x0000000084b00000, 0x0000000084b00000, 0x0000000084c00000|  0%| F|  |TAMS 0x0000000084b00000| PB 0x0000000084b00000| Untracked 
|  50|0x0000000084c00000, 0x0000000084c00000, 0x0000000084d00000|  0%| F|  |TAMS 0x0000000084c00000| PB 0x0000000084c00000| Untracked 
|  51|0x0000000084d00000, 0x0000000084d00000, 0x0000000084e00000|  0%| F|  |TAMS 0x0000000084d00000| PB 0x0000000084d00000| Untracked 
|  52|0x0000000084e00000, 0x0000000084e00000, 0x0000000084f00000|  0%| F|  |TAMS 0x0000000084e00000| PB 0x0000000084e00000| Untracked 
|  53|0x0000000084f00000, 0x0000000084f00000, 0x0000000085000000|  0%| F|  |TAMS 0x0000000084f00000| PB 0x0000000084f00000| Untracked 
|  54|0x0000000085000000, 0x0000000085000000, 0x0000000085100000|  0%| F|  |TAMS 0x0000000085000000| PB 0x0000000085000000| Untracked 
|  55|0x0000000085100000, 0x0000000085100000, 0x0000000085200000|  0%| F|  |TAMS 0x0000000085100000| PB 0x0000000085100000| Untracked 
|  56|0x0000000085200000, 0x0000000085200000, 0x0000000085300000|  0%| F|  |TAMS 0x0000000085200000| PB 0x0000000085200000| Untracked 
|  57|0x0000000085300000, 0x0000000085300000, 0x0000000085400000|  0%| F|  |TAMS 0x0000000085300000| PB 0x0000000085300000| Untracked 
|  58|0x0000000085400000, 0x0000000085400000, 0x0000000085500000|  0%| F|  |TAMS 0x0000000085400000| PB 0x0000000085400000| Untracked 
|  59|0x0000000085500000, 0x0000000085500000, 0x0000000085600000|  0%| F|  |TAMS 0x0000000085500000| PB 0x0000000085500000| Untracked 
|  60|0x0000000085600000, 0x0000000085600000, 0x0000000085700000|  0%| F|  |TAMS 0x0000000085600000| PB 0x0000000085600000| Untracked 
|  61|0x0000000085700000, 0x0000000085700000, 0x0000000085800000|  0%| F|  |TAMS 0x0000000085700000| PB 0x0000000085700000| Untracked 
|  62|0x0000000085800000, 0x0000000085800000, 0x0000000085900000|  0%| F|  |TAMS 0x0000000085800000| PB 0x0000000085800000| Untracked 
|  63|0x0000000085900000, 0x0000000085900000, 0x0000000085a00000|  0%| F|  |TAMS 0x0000000085900000| PB 0x0000000085900000| Untracked 
|  64|0x0000000085a00000, 0x0000000085a00000, 0x0000000085b00000|  0%| F|  |TAMS 0x0000000085a00000| PB 0x0000000085a00000| Untracked 
|  65|0x0000000085b00000, 0x0000000085b00000, 0x0000000085c00000|  0%| F|  |TAMS 0x0000000085b00000| PB 0x0000000085b00000| Untracked 
|  66|0x0000000085c00000, 0x0000000085c00000, 0x0000000085d00000|  0%| F|  |TAMS 0x0000000085c00000| PB 0x0000000085c00000| Untracked 
|  67|0x0000000085d00000, 0x0000000085d00000, 0x0000000085e00000|  0%| F|  |TAMS 0x0000000085d00000| PB 0x0000000085d00000| Untracked 
|  68|0x0000000085e00000, 0x0000000085e00000, 0x0000000085f00000|  0%| F|  |TAMS 0x0000000085e00000| PB 0x0000000085e00000| Untracked 
|  69|0x0000000085f00000, 0x0000000085f00000, 0x0000000086000000|  0%| F|  |TAMS 0x0000000085f00000| PB 0x0000000085f00000| Untracked 
|  70|0x0000000086000000, 0x0000000086000000, 0x0000000086100000|  0%| F|  |TAMS 0x0000000086000000| PB 0x0000000086000000| Untracked 
|  71|0x0000000086100000, 0x0000000086100000, 0x0000000086200000|  0%| F|  |TAMS 0x0000000086100000| PB 0x0000000086100000| Untracked 
|  72|0x0000000086200000, 0x0000000086200000, 0x0000000086300000|  0%| F|  |TAMS 0x0000000086200000| PB 0x0000000086200000| Untracked 
|  73|0x0000000086300000, 0x0000000086300000, 0x0000000086400000|  0%| F|  |TAMS 0x0000000086300000| PB 0x0000000086300000| Untracked 
|  74|0x0000000086400000, 0x0000000086400000, 0x0000000086500000|  0%| F|  |TAMS 0x0000000086400000| PB 0x0000000086400000| Untracked 
|  75|0x0000000086500000, 0x0000000086500000, 0x0000000086600000|  0%| F|  |TAMS 0x0000000086500000| PB 0x0000000086500000| Untracked 
|  76|0x0000000086600000, 0x0000000086600000, 0x0000000086700000|  0%| F|  |TAMS 0x0000000086600000| PB 0x0000000086600000| Untracked 
|  77|0x0000000086700000, 0x0000000086700000, 0x0000000086800000|  0%| F|  |TAMS 0x0000000086700000| PB 0x0000000086700000| Untracked 
|  78|0x0000000086800000, 0x0000000086800000, 0x0000000086900000|  0%| F|  |TAMS 0x0000000086800000| PB 0x0000000086800000| Untracked 
|  79|0x0000000086900000, 0x0000000086900000, 0x0000000086a00000|  0%| F|  |TAMS 0x0000000086900000| PB 0x0000000086900000| Untracked 
|  80|0x0000000086a00000, 0x0000000086a00000, 0x0000000086b00000|  0%| F|  |TAMS 0x0000000086a00000| PB 0x0000000086a00000| Untracked 
|  81|0x0000000086b00000, 0x0000000086b00000, 0x0000000086c00000|  0%| F|  |TAMS 0x0000000086b00000| PB 0x0000000086b00000| Untracked 
|  82|0x0000000086c00000, 0x0000000086c00000, 0x0000000086d00000|  0%| F|  |TAMS 0x0000000086c00000| PB 0x0000000086c00000| Untracked 
|  83|0x0000000086d00000, 0x0000000086d00000, 0x0000000086e00000|  0%| F|  |TAMS 0x0000000086d00000| PB 0x0000000086d00000| Untracked 
|  84|0x0000000086e00000, 0x0000000086e00000, 0x0000000086f00000|  0%| F|  |TAMS 0x0000000086e00000| PB 0x0000000086e00000| Untracked 
|  85|0x0000000086f00000, 0x0000000086f00000, 0x0000000087000000|  0%| F|  |TAMS 0x0000000086f00000| PB 0x0000000086f00000| Untracked 
|  86|0x0000000087000000, 0x0000000087000000, 0x0000000087100000|  0%| F|  |TAMS 0x0000000087000000| PB 0x0000000087000000| Untracked 
|  87|0x0000000087100000, 0x0000000087100000, 0x0000000087200000|  0%| F|  |TAMS 0x0000000087100000| PB 0x0000000087100000| Untracked 
|  88|0x0000000087200000, 0x0000000087200000, 0x0000000087300000|  0%| F|  |TAMS 0x0000000087200000| PB 0x0000000087200000| Untracked 
|  89|0x0000000087300000, 0x0000000087300000, 0x0000000087400000|  0%| F|  |TAMS 0x0000000087300000| PB 0x0000000087300000| Untracked 
|  90|0x0000000087400000, 0x0000000087400000, 0x0000000087500000|  0%| F|  |TAMS 0x0000000087400000| PB 0x0000000087400000| Untracked 
|  91|0x0000000087500000, 0x0000000087500000, 0x0000000087600000|  0%| F|  |TAMS 0x0000000087500000| PB 0x0000000087500000| Untracked 
|  92|0x0000000087600000, 0x0000000087600000, 0x0000000087700000|  0%| F|  |TAMS 0x0000000087600000| PB 0x0000000087600000| Untracked 
|  93|0x0000000087700000, 0x0000000087700000, 0x0000000087800000|  0%| F|  |TAMS 0x0000000087700000| PB 0x0000000087700000| Untracked 
|  94|0x0000000087800000, 0x0000000087800000, 0x0000000087900000|  0%| F|  |TAMS 0x0000000087800000| PB 0x0000000087800000| Untracked 
|  95|0x0000000087900000, 0x0000000087900000, 0x0000000087a00000|  0%| F|  |TAMS 0x0000000087900000| PB 0x0000000087900000| Untracked 
|  96|0x0000000087a00000, 0x0000000087a00000, 0x0000000087b00000|  0%| F|  |TAMS 0x0000000087a00000| PB 0x0000000087a00000| Untracked 
|  97|0x0000000087b00000, 0x0000000087b00000, 0x0000000087c00000|  0%| F|  |TAMS 0x0000000087b00000| PB 0x0000000087b00000| Untracked 
|  98|0x0000000087c00000, 0x0000000087c00000, 0x0000000087d00000|  0%| F|  |TAMS 0x0000000087c00000| PB 0x0000000087c00000| Untracked 
|  99|0x0000000087d00000, 0x0000000087d00000, 0x0000000087e00000|  0%| F|  |TAMS 0x0000000087d00000| PB 0x0000000087d00000| Untracked 
| 100|0x0000000087e00000, 0x0000000087e00000, 0x0000000087f00000|  0%| F|  |TAMS 0x0000000087e00000| PB 0x0000000087e00000| Untracked 
| 101|0x0000000087f00000, 0x0000000087f00000, 0x0000000088000000|  0%| F|  |TAMS 0x0000000087f00000| PB 0x0000000087f00000| Untracked 
| 102|0x0000000088000000, 0x0000000088000000, 0x0000000088100000|  0%| F|  |TAMS 0x0000000088000000| PB 0x0000000088000000| Untracked 
| 103|0x0000000088100000, 0x0000000088100000, 0x0000000088200000|  0%| F|  |TAMS 0x0000000088100000| PB 0x0000000088100000| Untracked 
| 104|0x0000000088200000, 0x0000000088200000, 0x0000000088300000|  0%| F|  |TAMS 0x0000000088200000| PB 0x0000000088200000| Untracked 
| 105|0x0000000088300000, 0x0000000088300000, 0x0000000088400000|  0%| F|  |TAMS 0x0000000088300000| PB 0x0000000088300000| Untracked 
| 106|0x0000000088400000, 0x0000000088400000, 0x0000000088500000|  0%| F|  |TAMS 0x0000000088400000| PB 0x0000000088400000| Untracked 
| 107|0x0000000088500000, 0x0000000088500000, 0x0000000088600000|  0%| F|  |TAMS 0x0000000088500000| PB 0x0000000088500000| Untracked 
| 108|0x0000000088600000, 0x0000000088600000, 0x0000000088700000|  0%| F|  |TAMS 0x0000000088600000| PB 0x0000000088600000| Untracked 
| 109|0x0000000088700000, 0x0000000088700000, 0x0000000088800000|  0%| F|  |TAMS 0x0000000088700000| PB 0x0000000088700000| Untracked 
| 110|0x0000000088800000, 0x0000000088800000, 0x0000000088900000|  0%| F|  |TAMS 0x0000000088800000| PB 0x0000000088800000| Untracked 
| 111|0x0000000088900000, 0x0000000088900000, 0x0000000088a00000|  0%| F|  |TAMS 0x0000000088900000| PB 0x0000000088900000| Untracked 
| 112|0x0000000088a00000, 0x0000000088a00000, 0x0000000088b00000|  0%| F|  |TAMS 0x0000000088a00000| PB 0x0000000088a00000| Untracked 
| 113|0x0000000088b00000, 0x0000000088b00000, 0x0000000088c00000|  0%| F|  |TAMS 0x0000000088b00000| PB 0x0000000088b00000| Untracked 
| 114|0x0000000088c00000, 0x0000000088c00000, 0x0000000088d00000|  0%| F|  |TAMS 0x0000000088c00000| PB 0x0000000088c00000| Untracked 
| 115|0x0000000088d00000, 0x0000000088d00000, 0x0000000088e00000|  0%| F|  |TAMS 0x0000000088d00000| PB 0x0000000088d00000| Untracked 
| 116|0x0000000088e00000, 0x0000000088e00000, 0x0000000088f00000|  0%| F|  |TAMS 0x0000000088e00000| PB 0x0000000088e00000| Untracked 
| 117|0x0000000088f00000, 0x0000000088f00000, 0x0000000089000000|  0%| F|  |TAMS 0x0000000088f00000| PB 0x0000000088f00000| Untracked 
| 118|0x0000000089000000, 0x0000000089000000, 0x0000000089100000|  0%| F|  |TAMS 0x0000000089000000| PB 0x0000000089000000| Untracked 
| 119|0x0000000089100000, 0x0000000089200000, 0x0000000089200000|100%| E|  |TAMS 0x0000000089100000| PB 0x0000000089100000| Complete 
| 120|0x0000000089200000, 0x0000000089300000, 0x0000000089300000|100%| E|CS|TAMS 0x0000000089200000| PB 0x0000000089200000| Complete 
| 121|0x0000000089300000, 0x0000000089400000, 0x0000000089400000|100%| E|CS|TAMS 0x0000000089300000| PB 0x0000000089300000| Complete 
| 122|0x0000000089400000, 0x0000000089500000, 0x0000000089500000|100%| E|CS|TAMS 0x0000000089400000| PB 0x0000000089400000| Complete 
| 123|0x0000000089500000, 0x0000000089600000, 0x0000000089600000|100%| E|CS|TAMS 0x0000000089500000| PB 0x0000000089500000| Complete 
| 124|0x0000000089600000, 0x0000000089700000, 0x0000000089700000|100%| E|CS|TAMS 0x0000000089600000| PB 0x0000000089600000| Complete 
| 125|0x0000000089700000, 0x0000000089800000, 0x0000000089800000|100%| E|CS|TAMS 0x0000000089700000| PB 0x0000000089700000| Complete 
| 126|0x0000000089800000, 0x0000000089900000, 0x0000000089900000|100%| E|CS|TAMS 0x0000000089800000| PB 0x0000000089800000| Complete 
| 127|0x0000000089900000, 0x0000000089a00000, 0x0000000089a00000|100%| E|CS|TAMS 0x0000000089900000| PB 0x0000000089900000| Complete 

Card table byte_map: [0x000001c930540000,0x000001c930940000] _byte_map_base: 0x000001c930133000

Marking Bits: (CMBitMap*) 0x000001c918d1c6f0
 Bits: [0x000001c930940000, 0x000001c9328d8000)

Polling page: 0x000001c916c50000

Metaspace:

Usage:
  Non-class:      6.91 MB used.
      Class:    893.51 KB used.
       Both:      7.79 MB used.

Virtual space:
  Non-class space:       64.00 MB reserved,       7.06 MB ( 11%) committed,  1 nodes.
      Class space:        1.00 GB reserved,       1.00 MB ( <1%) committed,  1 nodes.
             Both:        1.06 GB reserved,       8.06 MB ( <1%) committed. 

Chunk freelists:
   Non-Class:  8.98 MB
       Class:  15.05 MB
        Both:  24.03 MB

MaxMetaspaceSize: unlimited
CompressedClassSpaceSize: 1.00 GB
Initial GC threshold: 21.00 MB
Current GC threshold: 21.00 MB
CDS: on
 - commit_granule_bytes: 65536.
 - commit_granule_words: 8192.
 - virtual_space_node_default_size: 8388608.
 - enlarge_chunks_in_place: 1.
 - use_allocation_guard: 0.


Internal statistics:

num_allocs_failed_limit: 0.
num_arena_births: 148.
num_arena_deaths: 0.
num_vsnodes_births: 2.
num_vsnodes_deaths: 0.
num_space_committed: 129.
num_space_uncommitted: 0.
num_chunks_returned_to_freelist: 0.
num_chunks_taken_from_freelist: 185.
num_chunk_merges: 0.
num_chunk_splits: 109.
num_chunks_enlarged: 42.
num_inconsistent_stats: 0.

CodeHeap 'non-profiled nmethods': size=120000Kb used=239Kb max_used=239Kb free=119761Kb
 bounds [0x000001c928c10000, 0x000001c928e80000, 0x000001c930140000]
CodeHeap 'profiled nmethods': size=120000Kb used=1205Kb max_used=1205Kb free=118794Kb
 bounds [0x000001c921140000, 0x000001c9213b0000, 0x000001c928670000]
CodeHeap 'non-nmethods': size=5760Kb used=1538Kb max_used=1553Kb free=4221Kb
 bounds [0x000001c928670000, 0x000001c9288e0000, 0x000001c928c10000]
 total_blobs=1480 nmethods=872 adapters=513
 compilation: enabled
              stopped_count=0, restarted_count=0
 full_count=0

Compilation events (20 events):
Event: 5760.847 Thread 0x000001c934daec50  860       3       java.lang.Thread::isVirtual (5 bytes)
Event: 5760.847 Thread 0x000001c934daec50 nmethod 860 0x000001c921269c90 code [0x000001c921269e40, 0x000001c92126a048]
Event: 6780.978 Thread 0x000001c934daec50  861       3       java.util.concurrent.locks.LockSupport::setBlocker (12 bytes)
Event: 6781.001 Thread 0x000001c934daec50 nmethod 861 0x000001c92126a110 code [0x000001c92126a2c0, 0x000001c92126a4c0]
Event: 6866.157 Thread 0x000001c934da9c30  863       4       java.util.Arrays::binarySearch0 (95 bytes)
Event: 6866.207 Thread 0x000001c934da9c30 nmethod 863 0x000001c928c4b110 code [0x000001c928c4b2a0, 0x000001c928c4b4f0]
Event: 6866.228 Thread 0x000001c934daec50  864       3       java.util.IdentityHashMap$IdentityHashMapIterator::nextIndex (72 bytes)
Event: 6866.259 Thread 0x000001c934daec50 nmethod 864 0x000001c92126a590 code [0x000001c92126a780, 0x000001c92126ab10]
Event: 6866.276 Thread 0x000001c934da9c30  865  s    4       sun.java2d.loops.GraphicsPrimitive::makeUniqueID (26 bytes)
Event: 6866.276 Thread 0x000001c934daec50  866       3       java.awt.geom.AffineTransform::getScaleInstance (19 bytes)
Event: 6866.283 Thread 0x000001c934da9c30 nmethod 865 0x000001c928c4b710 code [0x000001c928c4b8a0, 0x000001c928c4bae8]
Event: 6866.287 Thread 0x000001c934daec50 nmethod 866 0x000001c92126ac90 code [0x000001c92126ae40, 0x000001c92126b040]
Event: 6866.287 Thread 0x000001c934daec50  867       3       java.awt.geom.AffineTransform::setToScale (66 bytes)
Event: 6866.292 Thread 0x000001c934daec50 nmethod 867 0x000001c92126b110 code [0x000001c92126b2e0, 0x000001c92126b540]
Event: 6866.300 Thread 0x000001c934da9c30  868       4       sun.java2d.loops.GraphicsPrimitiveMgr::locate (104 bytes)
Event: 6866.302 Thread 0x000001c934daec50  870       3       sun.awt.Win32GraphicsConfig::getDefaultTransform (24 bytes)
Event: 6866.303 Thread 0x000001c934daec50 nmethod 870 0x000001c92126b610 code [0x000001c92126b7c0, 0x000001c92126ba40]
Event: 6866.303 Thread 0x000001c934daec50  871   !   3       java.awt.Component::firePropertyChange (59 bytes)
Event: 6866.306 Thread 0x000001c934daec50 nmethod 871 0x000001c92126bb10 code [0x000001c92126bce0, 0x000001c92126c238]
Event: 6866.306 Thread 0x000001c934daec50  873       3       java.beans.PropertyChangeSupport::fire (39 bytes)

GC Heap History (0 events):
No events

Dll operation events (9 events):
Event: 0.010 Loaded shared library C:\Program Files\Java\jdk-21\bin\java.dll
Event: 0.054 Loaded shared library C:\Program Files\Java\jdk-21\bin\jsvml.dll
Event: 0.148 Loaded shared library C:\Program Files\Java\jdk-21\bin\jimage.dll
Event: 0.192 Loaded shared library C:\Program Files\Java\jdk-21\bin\awt.dll
Event: 0.427 Loaded shared library C:\Program Files\Java\jdk-21\bin\javajpeg.dll
Event: 0.528 Loaded shared library C:\Program Files\Java\jdk-21\bin\freetype.dll
Event: 0.530 Loaded shared library C:\Program Files\Java\jdk-21\bin\fontmanager.dll
Event: 0.623 Loaded shared library C:\Program Files\Java\jdk-21\bin\net.dll
Event: 0.625 Loaded shared library C:\Program Files\Java\jdk-21\bin\nio.dll

Deoptimization events (8 events):
Event: 0.614 Thread 0x000001c916a26010 Uncommon trap: trap_request=0xffffff45 fr.pc=0x000001c928c3cb9c relative=0x000000000000007c
Event: 0.614 Thread 0x000001c916a26010 Uncommon trap: reason=unstable_if action=reinterpret pc=0x000001c928c3cb9c method=java.lang.CharacterDataLatin1.toLowerCase(I)I @ 16 c2
Event: 0.614 Thread 0x000001c916a26010 DEOPT PACKING pc=0x000001c928c3cb9c sp=0x0000006e3edfd750
Event: 0.614 Thread 0x000001c916a26010 DEOPT UNPACKING pc=0x000001c9286c46a2 sp=0x0000006e3edfd6d0 mode 2
Event: 0.629 Thread 0x000001c916a26010 Uncommon trap: trap_request=0xffffff45 fr.pc=0x000001c928c3d344 relative=0x00000000000004e4
Event: 0.629 Thread 0x000001c916a26010 Uncommon trap: reason=unstable_if action=reinterpret pc=0x000001c928c3d344 method=java.lang.StringLatin1.toLowerCase(Ljava/lang/String;[BLjava/util/Locale;)Ljava/lang/String; @ 43 c2
Event: 0.629 Thread 0x000001c916a26010 DEOPT PACKING pc=0x000001c928c3d344 sp=0x0000006e3edfe370
Event: 0.629 Thread 0x000001c916a26010 DEOPT UNPACKING pc=0x000001c9286c46a2 sp=0x0000006e3edfe2e0 mode 2

Classes loaded (20 events):
Event: 0.756 Loading class java/util/concurrent/Delayed done
Event: 0.756 Loading class javax/swing/TimerQueue$DelayedTimer done
Event: 1.269 Loading class javax/swing/Timer$1
Event: 1.270 Loading class javax/swing/Timer$1 done
Event: 2.907 Loading class java/awt/LightweightDispatcher$2
Event: 2.907 Loading class java/awt/LightweightDispatcher$2 done
Event: 56.546 Loading class sun/awt/windows/WInputMethod$1
Event: 56.546 Loading class sun/awt/windows/WInputMethod$1 done
Event: 56.549 Loading class java/awt/font/TextHitInfo
Event: 56.549 Loading class java/awt/font/TextHitInfo done
Event: 58.642 Loading class java/awt/KeyboardFocusManager$2
Event: 58.642 Loading class java/awt/KeyboardFocusManager$2 done
Event: 58.642 Loading class sun/awt/SunToolkit$1
Event: 58.642 Loading class sun/awt/SunToolkit$1 done
Event: 6865.615 Loading class java/util/WeakHashMap$KeyIterator
Event: 6865.716 Loading class java/util/WeakHashMap$HashIterator
Event: 6865.741 Loading class java/util/WeakHashMap$HashIterator done
Event: 6865.742 Loading class java/util/WeakHashMap$KeyIterator done
Event: 6865.888 Loading class javax/swing/RepaintManager$DisplayChangedRunnable
Event: 6865.943 Loading class javax/swing/RepaintManager$DisplayChangedRunnable done

Classes unloaded (0 events):
No events

Classes redefined (0 events):
No events

Internal exceptions (12 events):
Event: 0.167 Thread 0x000001c916a26010 Exception <a 'java/lang/ClassNotFoundException'{0x000000008987dc00}: sun/awt/resources/spi/awtProvider> (0x000000008987dc00) 
thrown [s\open\src\hotspot\share\classfile\systemDictionary.cpp, line 312]
Event: 0.223 Thread 0x000001c916a26010 Exception <a 'java/io/FileNotFoundException'{0x000000008971a8d0}> (0x000000008971a8d0) 
thrown [s\open\src\hotspot\share\prims\jni.cpp, line 520]
Event: 0.241 Thread 0x000001c916a26010 Exception <a 'java/io/FileNotFoundException'{0x0000000089744ad0}> (0x0000000089744ad0) 
thrown [s\open\src\hotspot\share\prims\jni.cpp, line 520]
Event: 0.347 Thread 0x000001c916a26010 Exception <a 'java/lang/NoSuchMethodError'{0x0000000089658270}: 'void java.lang.invoke.DirectMethodHandle$Holder.invokeSpecial(java.lang.Object, java.lang.Object, java.lang.Object)'> (0x0000000089658270) 
thrown [s\open\src\hotspot\share\interpreter\linkResolver.cpp, line 773]
Event: 0.358 Thread 0x000001c916a26010 Exception <a 'java/lang/NoSuchMethodError'{0x000000008967dc38}: 'java.lang.Object java.lang.invoke.DirectMethodHandle$Holder.newInvokeSpecial(java.lang.Object, java.lang.Object, java.lang.Object, java.lang.Object, java.lang.Object)'> (0x000000008967dc38) 
thrown [s\open\src\hotspot\share\interpreter\linkResolver.cpp, line 773]
Event: 0.367 Thread 0x000001c916a26010 Exception <a 'java/lang/NoSuchMethodError'{0x00000000896a9a50}: 'java.lang.Object java.lang.invoke.DirectMethodHandle$Holder.invokeStatic(java.lang.Object, int, java.lang.Object)'> (0x00000000896a9a50) 
thrown [s\open\src\hotspot\share\interpreter\linkResolver.cpp, line 773]
Event: 0.402 Thread 0x000001c916a26010 Exception <a 'java/lang/ClassNotFoundException'{0x0000000089549b40}: com/sun/swing/internal/plaf/metal/resources/spi/metalProvider> (0x0000000089549b40) 
thrown [s\open\src\hotspot\share\classfile\systemDictionary.cpp, line 312]
Event: 0.404 Thread 0x000001c916a26010 Exception <a 'java/lang/ClassNotFoundException'{0x000000008954da80}: com/sun/swing/internal/plaf/basic/resources/spi/basicProvider> (0x000000008954da80) 
thrown [s\open\src\hotspot\share\classfile\systemDictionary.cpp, line 312]
Event: 0.417 Thread 0x000001c916a26010 Exception <a 'java/lang/NoSuchMethodError'{0x000000008956d1f8}: 'int java.lang.invoke.Invokers$Holder.invokeExact_MT(java.lang.Object, java.lang.Object)'> (0x000000008956d1f8) 
thrown [s\open\src\hotspot\share\interpreter\linkResolver.cpp, line 773]
Event: 0.429 Thread 0x000001c97a3364e0 Exception <a 'java/lang/NoSuchMethodError'{0x0000000089590ba8}: 'java.lang.Object java.lang.invoke.DirectMethodHandle$Holder.newInvokeSpecial(java.lang.Object, java.lang.Object, java.lang.Object, int, int, int, int, int)'> (0x0000000089590ba8) 
thrown [s\open\src\hotspot\share\interpreter\linkResolver.cpp, line 773]
Event: 0.521 Thread 0x000001c916a26010 Exception <a 'java/lang/NoSuchMethodError'{0x00000000893ff780}: 'void java.lang.invoke.DirectMethodHandle$Holder.invokeStaticInit(java.lang.Object)'> (0x00000000893ff780) 
thrown [s\open\src\hotspot\share\interpreter\linkResolver.cpp, line 773]
Event: 0.673 Thread 0x000001c97a2b3f20 Exception <a 'java/lang/NoSuchMethodError'{0x000000008960f4f8}: 'void java.lang.invoke.DirectMethodHandle$Holder.invokeVirtual(java.lang.Object, java.lang.Object)'> (0x000000008960f4f8) 
thrown [s\open\src\hotspot\share\interpreter\linkResolver.cpp, line 773]

ZGC Phase Switch (0 events):
No events

VM Operations (18 events):
Event: 0.402 Executing VM operation: HandshakeAllThreads (Deoptimize)
Event: 0.402 Executing VM operation: HandshakeAllThreads (Deoptimize) done
Event: 0.481 Executing VM operation: HandshakeAllThreads (Deoptimize)
Event: 0.481 Executing VM operation: HandshakeAllThreads (Deoptimize) done
Event: 0.484 Executing VM operation: HandshakeAllThreads (Deoptimize)
Event: 0.484 Executing VM operation: HandshakeAllThreads (Deoptimize) done
Event: 1.485 Executing VM operation: Cleanup
Event: 1.486 Executing VM operation: Cleanup done
Event: 3.499 Executing VM operation: Cleanup
Event: 3.499 Executing VM operation: Cleanup done
Event: 57.875 Executing VM operation: Cleanup
Event: 57.875 Executing VM operation: Cleanup done
Event: 58.881 Executing VM operation: Cleanup
Event: 58.881 Executing VM operation: Cleanup done
Event: 60.040 Executing VM operation: HandshakeAllThreads (HandshakeForDeflation)
Event: 60.041 Executing VM operation: HandshakeAllThreads (HandshakeForDeflation) done
Event: 60.041 Executing VM operation: RendezvousGCThreads
Event: 60.041 Executing VM operation: RendezvousGCThreads done

Events (20 events):
Event: 0.029 Thread 0x000001c916a26010 Thread added: 0x000001c916a26010
Event: 0.051 Thread 0x000001c934d96160 Thread added: 0x000001c934d96160
Event: 0.051 Thread 0x000001c934d98290 Thread added: 0x000001c934d98290
Event: 0.052 Thread 0x000001c934d9e270 Thread added: 0x000001c934d9e270
Event: 0.052 Thread 0x000001c934d9eb60 Thread added: 0x000001c934d9eb60
Event: 0.052 Thread 0x000001c934d9fb20 Thread added: 0x000001c934d9fb20
Event: 0.052 Thread 0x000001c934da4af0 Thread added: 0x000001c934da4af0
Event: 0.052 Thread 0x000001c934da9c30 Thread added: 0x000001c934da9c30
Event: 0.052 Thread 0x000001c934daec50 Thread added: 0x000001c934daec50
Event: 0.098 Thread 0x000001c97a0d9980 Thread added: 0x000001c97a0d9980
Event: 0.103 Thread 0x000001c97a10ee10 Thread added: 0x000001c97a10ee10
Event: 0.308 Thread 0x000001c97a2b1c00 Thread added: 0x000001c97a2b1c00
Event: 0.311 Thread 0x000001c97a2b34a0 Thread added: 0x000001c97a2b34a0
Event: 0.313 Thread 0x000001c97a2b3f20 Thread added: 0x000001c97a2b3f20
Event: 0.425 Thread 0x000001c97a3364e0 Thread added: 0x000001c97a3364e0
Event: 0.504 Thread 0x000001c97a33cce0 Thread added: 0x000001c97a33cce0
Event: 0.682 Thread 0x000001c916a26010 Thread exited: 0x000001c916a26010
Event: 0.682 Thread 0x000001c916a26010 Thread added: 0x000001c916a26010
Event: 0.755 Thread 0x000001c97b990100 Thread added: 0x000001c97b990100
Event: 5.475 Thread 0x000001c97a3364e0 Thread exited: 0x000001c97a3364e0


Dynamic libraries:
0x00007ff7c9420000 - 0x00007ff7c9430000 	C:\Program Files\Java\jdk-21\bin\javaw.exe
0x00007ffbd5130000 - 0x00007ffbd5328000 	C:\Windows\SYSTEM32\ntdll.dll
0x00007ffbd32f0000 - 0x00007ffbd33ad000 	C:\Windows\System32\KERNEL32.DLL
0x00007ffbd2d00000 - 0x00007ffbd2ff6000 	C:\Windows\System32\KERNELBASE.dll
0x00007ffbd2970000 - 0x00007ffbd2a70000 	C:\Windows\System32\ucrtbase.dll
0x00007ffb98b80000 - 0x00007ffb98b99000 	C:\Program Files\Java\jdk-21\bin\jli.dll
0x00007ffbd4540000 - 0x00007ffbd45f0000 	C:\Windows\System32\ADVAPI32.dll
0x00007ffbd3f30000 - 0x00007ffbd3fce000 	C:\Windows\System32\msvcrt.dll
0x00007ffbd3250000 - 0x00007ffbd32f0000 	C:\Windows\System32\sechost.dll
0x00007ffbd4e10000 - 0x00007ffbd4f33000 	C:\Windows\System32\RPCRT4.dll
0x00007ffbd27f0000 - 0x00007ffbd2817000 	C:\Windows\System32\bcrypt.dll
0x00007ffbd3c50000 - 0x00007ffbd3def000 	C:\Windows\System32\USER32.dll
0x00007ffbd2940000 - 0x00007ffbd2962000 	C:\Windows\System32\win32u.dll
0x00007ffbd43a0000 - 0x00007ffbd43cb000 	C:\Windows\System32\GDI32.dll
0x00007ffbd2820000 - 0x00007ffbd2937000 	C:\Windows\System32\gdi32full.dll
0x00007ffbc78f0000 - 0x00007ffbc7b8a000 	C:\Windows\WinSxS\amd64_microsoft.windows.common-controls_6595b64144ccf1df_6.0.19041.4355_none_60b8b9eb71f62e16\COMCTL32.dll
0x00007ffbd2b00000 - 0x00007ffbd2b9d000 	C:\Windows\System32\msvcp_win.dll
0x00007ffbcb4b0000 - 0x00007ffbcb4ba000 	C:\Windows\SYSTEM32\VERSION.dll
0x00007ffb98280000 - 0x00007ffb9829b000 	C:\Program Files\Java\jdk-21\bin\VCRUNTIME140.dll
0x00007ffbd4510000 - 0x00007ffbd453f000 	C:\Windows\System32\IMM32.DLL
0x00007ffbb6d20000 - 0x00007ffbb6d2c000 	C:\Program Files\Java\jdk-21\bin\vcruntime140_1.dll
0x00007ffb97e20000 - 0x00007ffb97eae000 	C:\Program Files\Java\jdk-21\bin\msvcp140.dll
0x00007ffb959e0000 - 0x00007ffb966f7000 	C:\Program Files\Java\jdk-21\bin\server\jvm.dll
0x00007ffbd3ab0000 - 0x00007ffbd3b1b000 	C:\Windows\System32\WS2_32.dll
0x00007ffbd2640000 - 0x00007ffbd268b000 	C:\Windows\SYSTEM32\POWRPROF.dll
0x00007ffbc7660000 - 0x00007ffbc7687000 	C:\Windows\SYSTEM32\WINMM.dll
0x00007ffbd2620000 - 0x00007ffbd2632000 	C:\Windows\SYSTEM32\UMPDC.dll
0x00007ffbd0670000 - 0x00007ffbd0682000 	C:\Windows\SYSTEM32\kernel.appcore.dll
0x00007ffbb6a50000 - 0x00007ffbb6a5a000 	C:\Program Files\Java\jdk-21\bin\jimage.dll
0x00007ffbcc0e0000 - 0x00007ffbcc2c4000 	C:\Windows\SYSTEM32\DBGHELP.DLL
0x00007ffbcb5e0000 - 0x00007ffbcb614000 	C:\Windows\SYSTEM32\dbgcore.DLL
0x00007ffbd2a70000 - 0x00007ffbd2af2000 	C:\Windows\System32\bcryptPrimitives.dll
0x00007ffb98260000 - 0x00007ffb9827f000 	C:\Program Files\Java\jdk-21\bin\java.dll
0x00007ffbd46a0000 - 0x00007ffbd4e0c000 	C:\Windows\System32\SHELL32.dll
0x00007ffbd0870000 - 0x00007ffbd100d000 	C:\Windows\SYSTEM32\windows.storage.dll
0x00007ffbd4040000 - 0x00007ffbd4393000 	C:\Windows\System32\combase.dll
0x00007ffbd2140000 - 0x00007ffbd216e000 	C:\Windows\SYSTEM32\Wldp.dll
0x00007ffbd4430000 - 0x00007ffbd44fd000 	C:\Windows\System32\OLEAUT32.dll
0x00007ffbd45f0000 - 0x00007ffbd469d000 	C:\Windows\System32\SHCORE.dll
0x00007ffbd3170000 - 0x00007ffbd31c5000 	C:\Windows\System32\shlwapi.dll
0x00007ffbd2720000 - 0x00007ffbd2744000 	C:\Windows\SYSTEM32\profapi.dll
0x00007ffb95900000 - 0x00007ffb959d7000 	C:\Program Files\Java\jdk-21\bin\jsvml.dll
0x00007ffb71c60000 - 0x00007ffb71def000 	C:\Program Files\Java\jdk-21\bin\awt.dll
0x00007ffbcfd70000 - 0x00007ffbcfe00000 	C:\Windows\SYSTEM32\apphelp.dll
0x00007ffbd0560000 - 0x00007ffbd058f000 	C:\Windows\system32\DWMAPI.DLL
0x00007ffbd0190000 - 0x00007ffbd022e000 	C:\Windows\system32\uxtheme.dll
0x00007ffbb67d0000 - 0x00007ffbb68f5000 	C:\Windows\system32\opengl32.dll
0x00007ffbc1b40000 - 0x00007ffbc1b6c000 	C:\Windows\SYSTEM32\GLU32.dll
0x00007ffbd4fd0000 - 0x00007ffbd50e4000 	C:\Windows\System32\MSCTF.dll
0x00007ffbd3b20000 - 0x00007ffbd3c4b000 	C:\Windows\System32\ole32.dll
0x00007ffb75940000 - 0x00007ffb7596e000 	C:\Program Files\Java\jdk-21\bin\javajpeg.dll
0x00007ffb71af0000 - 0x00007ffb71b77000 	C:\Program Files\Java\jdk-21\bin\freetype.dll
0x00007ffb71a00000 - 0x00007ffb71ae2000 	C:\Program Files\Java\jdk-21\bin\fontmanager.dll
0x00007ffbd3e80000 - 0x00007ffbd3f29000 	C:\Windows\System32\clbcatq.dll
0x00007ffbcff50000 - 0x00007ffbd0104000 	C:\Windows\SYSTEM32\WindowsCodecs.dll
0x00007ffbb66e0000 - 0x00007ffbb671e000 	C:\Windows\system32\dataexchange.dll
0x00007ffbcf0b0000 - 0x00007ffbcf295000 	C:\Windows\system32\dcomp.dll
0x00007ffbce1d0000 - 0x00007ffbce433000 	C:\Windows\system32\d3d11.dll
0x00007ffbd1070000 - 0x00007ffbd1162000 	C:\Windows\system32\dxgi.dll
0x00007ffbcb080000 - 0x00007ffbcb283000 	C:\Windows\system32\twinapi.appcore.dll
0x00007ffbaeb60000 - 0x00007ffbaeb70000 	C:\Program Files\Java\jdk-21\bin\net.dll
0x00007ffbca0f0000 - 0x00007ffbca1fa000 	C:\Windows\SYSTEM32\WINHTTP.dll
0x00007ffbd1ea0000 - 0x00007ffbd1f0a000 	C:\Windows\system32\mswsock.dll
0x00007ffb98220000 - 0x00007ffb98236000 	C:\Program Files\Java\jdk-21\bin\nio.dll
0x00007ffbc9cb0000 - 0x00007ffbc9da9000 	C:\Windows\SYSTEM32\textinputframework.dll
0x00007ffbcf790000 - 0x00007ffbcfaeb000 	C:\Windows\System32\CoreUIComponents.dll
0x00007ffbcfb20000 - 0x00007ffbcfc12000 	C:\Windows\System32\CoreMessaging.dll
0x00007ffbd1900000 - 0x00007ffbd1933000 	C:\Windows\SYSTEM32\ntmarta.dll
0x00007ffbce050000 - 0x00007ffbce1a7000 	C:\Windows\SYSTEM32\wintypes.dll

dbghelp: loaded successfully - version: 4.0.5 - missing functions: none
symbol engine: initialized successfully - sym options: 0x614 - pdb path: .;C:\Program Files\Java\jdk-21\bin;C:\Windows\SYSTEM32;C:\Windows\WinSxS\amd64_microsoft.windows.common-controls_6595b64144ccf1df_6.0.19041.4355_none_60b8b9eb71f62e16;C:\Program Files\Java\jdk-21\bin\server

VM Arguments:
jvm_args: -Dfile.encoding=UTF-8 -Dstdout.encoding=UTF-8 -Dstderr.encoding=UTF-8 -XX:+ShowCodeDetailsInExceptionMessages 
java_command: com.pack.Login
java_class_path (initial): C:\Users\USER\eclipse-workspace\Library\build\classes
Launcher Type: SUN_STANDARD

[Global flags]
     intx CICompilerCount                          = 3                                         {product} {ergonomic}
     uint ConcGCThreads                            = 1                                         {product} {ergonomic}
     uint G1ConcRefinementThreads                  = 4                                         {product} {ergonomic}
   size_t G1HeapRegionSize                         = 1048576                                   {product} {ergonomic}
    uintx GCDrainStackTargetSize                   = 64                                        {product} {ergonomic}
   size_t InitialHeapSize                          = 134217728                                 {product} {ergonomic}
   size_t MarkStackSize                            = 4194304                                   {product} {ergonomic}
   size_t MaxHeapSize                              = 2120220672                                {product} {ergonomic}
   size_t MaxNewSize                               = 1271922688                                {product} {ergonomic}
   size_t MinHeapDeltaBytes                        = 1048576                                   {product} {ergonomic}
   size_t MinHeapSize                              = 8388608                                   {product} {ergonomic}
    uintx NonNMethodCodeHeapSize                   = 5832780                                {pd product} {ergonomic}
    uintx NonProfiledCodeHeapSize                  = 122912730                              {pd product} {ergonomic}
    uintx ProfiledCodeHeapSize                     = 122912730                              {pd product} {ergonomic}
    uintx ReservedCodeCacheSize                    = 251658240                              {pd product} {ergonomic}
     bool SegmentedCodeCache                       = true                                      {product} {ergonomic}
     bool ShowCodeDetailsInExceptionMessages       = true                                   {manageable} {command line}
   size_t SoftMaxHeapSize                          = 2120220672                             {manageable} {ergonomic}
     bool UseCompressedOops                        = true                           {product lp64_product} {ergonomic}
     bool UseG1GC                                  = true                                      {product} {ergonomic}
     bool UseLargePagesIndividualAllocation        = false                                  {pd product} {ergonomic}

Logging:
Log output configuration:
 #0: stdout all=warning uptime,level,tags foldmultilines=false
 #1: stderr all=off uptime,level,tags foldmultilines=false

Environment Variables:
PATH=C:\Program Files\Common Files\Oracle\Java\javapath;C:\Program Files\Python312\Scripts\;C:\Program Files\Python312\;C:\Windows\system32;C:\Windows;C:\Windows\System32\Wbem;C:\Windows\System32\WindowsPowerShell\v1.0\;C:\Windows\System32\OpenSSH\;C:\Program Files\MySQL;C:\Program Files\MySQL\MySQL Shell 8.0;C:\Program Files\MySQL\MySQL Shell 8.0\bin;C:\Program Files\MySQL\MySQL Server 8.0\bin;C:\Program Files\dotnet\;C:\Program Files\Java\jdk-21\bin;C:\Program Files\MySQL\MySQL Shell 8.0\bin\;C:\Users\USER\AppData\Local\Microsoft\WindowsApps;
USERNAME=USER
OS=Windows_NT
PROCESSOR_IDENTIFIER=Intel64 Family 6 Model 78 Stepping 3, GenuineIntel
TMP=C:\Users\USER\AppData\Local\Temp
TEMP=C:\Users\USER\AppData\Local\Temp




Periodic native trim disabled

---------------  S Y S T E M  ---------------

OS:
 Windows 10 , 64 bit Build 19041 (10.0.19041.3636)
OS uptime: 3 days 18:34 hours

CPU: total 4 (initial active 4) (2 cores per cpu, 2 threads per core) family 6 model 78 stepping 3 microcode 0xcc, cx8, cmov, fxsr, ht, mmx, 3dnowpref, sse, sse2, sse3, ssse3, sse4.1, sse4.2, popcnt, lzcnt, tsc, tscinvbit, avx, avx2, aes, erms, clmul, bmi1, bmi2, adx, fma, vzeroupper, clflush, clflushopt, rdtscp, f16c
Processor Information for all 4 processors :
  Max Mhz: 2401, Current Mhz: 2401, Mhz Limit: 2401

Memory: 4k page, system-wide physical 8082M (379M free)
TotalPageFile size 23267M (AvailPageFile size 20M)
current process WorkingSet (physical memory assigned to process): 44M, peak: 66M
current process commit charge ("private bytes"): 214M, peak: 215M

vm_info: Java HotSpot(TM) 64-Bit Server VM (21.0.2+13-LTS-58) for windows-amd64 JRE (21.0.2+13-LTS-58), built on 2024-01-05T18:32:24Z by "mach5one" with MS VC++ 17.1 (VS2022)

END.
