#
# There is insufficient memory for the Java Runtime Environment to continue.
# Native memory allocation (mmap) failed to map 134217728 bytes for G1 virtual space
# Possible reasons:
#   The system is out of physical RAM or swap space
#   The process is running with CompressedOops enabled, and the Java Heap may be blocking the growth of the native heap
# Possible solutions:
#   Reduce memory load on the system
#   Increase physical memory or swap space
#   Check if swap backing store is full
#   Decrease Java heap size (-Xmx/-Xms)
#   Decrease number of Java threads
#   Decrease Java thread stack sizes (-Xss)
#   Set larger code cache with -XX:ReservedCodeCacheSize=
#   JVM is running with Unscaled Compressed Oops mode in which the Java heap is
#     placed in the first 4GB address space. The Java Heap base address is the
#     maximum limit for the native heap growth. Please use -XX:HeapBaseMinAddress
#     to set the Java Heap base and to place the Java Heap above 4GB virtual address.
# This output file may be truncated or incomplete.
#
#  Out of Memory Error (os_windows.cpp:3600), pid=13708, tid=7492
#
# JRE version:  (21.0.2+13) (build )
# Java VM: Java HotSpot(TM) 64-Bit Server VM (21.0.2+13-LTS-58, mixed mode, sharing, tiered, compressed oops, compressed class ptrs, g1 gc, windows-amd64)
# No core dump will be written. Minidumps are not enabled by default on client versions of Windows
#

---------------  S U M M A R Y ------------

Command Line: -Dfile.encoding=UTF-8 -Dstdout.encoding=UTF-8 -Dstderr.encoding=UTF-8 -XX:+ShowCodeDetailsInExceptionMessages com.pack.student_dashboard

Host: Intel(R) Core(TM) i5-6200U CPU @ 2.30GHz, 4 cores, 7G,  Windows 10 , 64 bit Build 19041 (10.0.19041.3636)
Time: Thu Jul 18 18:53:26 2024 India Standard Time elapsed time: 0.016113 seconds (0d 0h 0m 0s)

---------------  T H R E A D  ---------------

Current thread (0x0000013ba57b68b0):  JavaThread "Unknown thread" [_thread_in_vm, id=7492, stack(0x0000002029800000,0x0000002029900000) (1024K)]

Stack: [0x0000002029800000,0x0000002029900000]
Native frames: (J=compiled Java code, j=interpreted, Vv=VM code, C=native code)
V  [jvm.dll+0x6cade9]
V  [jvm.dll+0x8569c1]
V  [jvm.dll+0x858d2e]
V  [jvm.dll+0x859413]
V  [jvm.dll+0x280e56]
V  [jvm.dll+0x6c74d5]
V  [jvm.dll+0x6bbeca]
V  [jvm.dll+0x355bca]
V  [jvm.dll+0x35d816]
V  [jvm.dll+0x3ae67e]
V  [jvm.dll+0x3ae928]
V  [jvm.dll+0x3295dc]
V  [jvm.dll+0x32a16b]
V  [jvm.dll+0x81efa9]
V  [jvm.dll+0x3bba01]
V  [jvm.dll+0x807928]
V  [jvm.dll+0x44f50e]
V  [jvm.dll+0x450e11]
C  [jli.dll+0x52a3]
C  [ucrtbase.dll+0x21bb2]
C  [KERNEL32.DLL+0x17344]
C  [ntdll.dll+0x4cc91]


---------------  P R O C E S S  ---------------

Threads class SMR info:
_java_thread_list=0x00007fff9b7abb88, length=0, elements={
}

Java Threads: ( => current thread )
Total: 0

Other Threads:
  0x0000013ba794cb80 WorkerThread "GC Thread#0"                     [id=19644, stack(0x0000002029900000,0x0000002029a00000) (1024K)]
  0x0000013ba795f8a0 ConcurrentGCThread "G1 Main Marker"            [id=19424, stack(0x0000002029a00000,0x0000002029b00000) (1024K)]
  0x0000013ba79602b0 WorkerThread "G1 Conc#0"                       [id=13636, stack(0x0000002029b00000,0x0000002029c00000) (1024K)]

[error occurred during error reporting (printing all threads), id 0xc0000005, EXCEPTION_ACCESS_VIOLATION (0xc0000005) at pc=0x00007fff9af1c6a7]
VM state: not at safepoint (not fully initialized)

VM Mutex/Monitor currently owned by a thread:  ([mutex/lock_event])
[0x00007fff9b81ce68] Heap_lock - owner thread: 0x0000013ba57b68b0

Heap address: 0x0000000081a00000, size: 2022 MB, Compressed Oops mode: 32-bit

CDS archive(s) mapped at: [0x0000000000000000-0x0000000000000000-0x0000000000000000), size 0, SharedBaseAddress: 0x0000000800000000, ArchiveRelocationMode: 1.
Narrow klass base: 0x0000000000000000, Narrow klass shift: 0, Narrow klass range: 0x0

GC Precious Log:
 CardTable entry size: 512
 Card Set container configuration: InlinePtr #cards 5 size 8 Array Of Cards #cards 12 size 40 Howl #buckets 4 coarsen threshold 1843 Howl Bitmap #cards 512 size 80 coarsen threshold 460 Card regions per heap region 1 cards per card region 2048

Heap:
 garbage-first heap   total 0K, used 0K [0x0000000081a00000, 0x0000000100000000)
  region size 1024K, 0 young (0K), 0 survivors (0K)

[error occurred during error reporting (printing heap information), id 0xc0000005, EXCEPTION_ACCESS_VIOLATION (0xc0000005) at pc=0x00007fff9b3039f9]
GC Heap History (0 events):
No events

Dll operation events (1 events):
Event: 0.012 Loaded shared library C:\Program Files\Java\jdk-21\bin\java.dll

Deoptimization events (0 events):
No events

Classes loaded (0 events):
No events

Classes unloaded (0 events):
No events

Classes redefined (0 events):
No events

Internal exceptions (0 events):
No events

ZGC Phase Switch (0 events):
No events

VM Operations (0 events):
No events

Events (0 events):
No events


Dynamic libraries:
0x00007ff6928d0000 - 0x00007ff6928e0000 	C:\Program Files\Java\jdk-21\bin\javaw.exe
0x00007fffdecd0000 - 0x00007fffdeec8000 	C:\Windows\SYSTEM32\ntdll.dll
0x00007fffddb40000 - 0x00007fffddbfd000 	C:\Windows\System32\KERNEL32.DLL
0x00007fffdc940000 - 0x00007fffdcc36000 	C:\Windows\System32\KERNELBASE.dll
0x00007fffdc6d0000 - 0x00007fffdc7d0000 	C:\Windows\System32\ucrtbase.dll
0x00007fffca3e0000 - 0x00007fffca3f9000 	C:\Program Files\Java\jdk-21\bin\jli.dll
0x00007fffdd560000 - 0x00007fffdd610000 	C:\Windows\System32\ADVAPI32.dll
0x00007fffddc00000 - 0x00007fffddc9e000 	C:\Windows\System32\msvcrt.dll
0x00007fffdd890000 - 0x00007fffdd930000 	C:\Windows\System32\sechost.dll
0x00007fffdda10000 - 0x00007fffddb33000 	C:\Windows\System32\RPCRT4.dll
0x00007fffdcc70000 - 0x00007fffdcc97000 	C:\Windows\System32\bcrypt.dll
0x00007fffde550000 - 0x00007fffde6ef000 	C:\Windows\System32\USER32.dll
0x00007fffdcc40000 - 0x00007fffdcc62000 	C:\Windows\System32\win32u.dll
0x00007fffdce90000 - 0x00007fffdcebb000 	C:\Windows\System32\GDI32.dll
0x00007fffdc7d0000 - 0x00007fffdc8e7000 	C:\Windows\System32\gdi32full.dll
0x00007fffca1c0000 - 0x00007fffca1db000 	C:\Program Files\Java\jdk-21\bin\VCRUNTIME140.dll
0x00007fffdc440000 - 0x00007fffdc4dd000 	C:\Windows\System32\msvcp_win.dll
0x00007fffc9830000 - 0x00007fffc9aca000 	C:\Windows\WinSxS\amd64_microsoft.windows.common-controls_6595b64144ccf1df_6.0.19041.4355_none_60b8b9eb71f62e16\COMCTL32.dll
0x00007fffd40d0000 - 0x00007fffd40da000 	C:\Windows\SYSTEM32\VERSION.dll
0x00007fffdcd10000 - 0x00007fffdcd3f000 	C:\Windows\System32\IMM32.DLL
0x00007fffca520000 - 0x00007fffca52c000 	C:\Program Files\Java\jdk-21\bin\vcruntime140_1.dll
0x00007fffa1f60000 - 0x00007fffa1fee000 	C:\Program Files\Java\jdk-21\bin\msvcp140.dll
0x00007fff9abe0000 - 0x00007fff9b8f7000 	C:\Program Files\Java\jdk-21\bin\server\jvm.dll
0x00007fffdd7a0000 - 0x00007fffdd80b000 	C:\Windows\System32\WS2_32.dll
0x00007fffdc1e0000 - 0x00007fffdc22b000 	C:\Windows\SYSTEM32\POWRPROF.dll
0x00007fffca8e0000 - 0x00007fffca907000 	C:\Windows\SYSTEM32\WINMM.dll
0x00007fffdc1c0000 - 0x00007fffdc1d2000 	C:\Windows\SYSTEM32\UMPDC.dll
0x00007fffda210000 - 0x00007fffda222000 	C:\Windows\SYSTEM32\kernel.appcore.dll
0x00007fffca3d0000 - 0x00007fffca3da000 	C:\Program Files\Java\jdk-21\bin\jimage.dll
0x00007fffc6bb0000 - 0x00007fffc6d94000 	C:\Windows\SYSTEM32\DBGHELP.DLL
0x00007fffc63e0000 - 0x00007fffc6414000 	C:\Windows\SYSTEM32\dbgcore.DLL
0x00007fffdc640000 - 0x00007fffdc6c2000 	C:\Windows\System32\bcryptPrimitives.dll
0x00007fffca110000 - 0x00007fffca12f000 	C:\Program Files\Java\jdk-21\bin\java.dll

dbghelp: loaded successfully - version: 4.0.5 - missing functions: none
symbol engine: initialized successfully - sym options: 0x614 - pdb path: .;C:\Program Files\Java\jdk-21\bin;C:\Windows\SYSTEM32;C:\Windows\WinSxS\amd64_microsoft.windows.common-controls_6595b64144ccf1df_6.0.19041.4355_none_60b8b9eb71f62e16;C:\Program Files\Java\jdk-21\bin\server

VM Arguments:
jvm_args: -Dfile.encoding=UTF-8 -Dstdout.encoding=UTF-8 -Dstderr.encoding=UTF-8 -XX:+ShowCodeDetailsInExceptionMessages 
java_command: com.pack.student_dashboard
java_class_path (initial): C:\Users\USER\eclipse-workspace\Library\build\classes
Launcher Type: SUN_STANDARD

[Global flags]
     intx CICompilerCount                          = 3                                         {product} {ergonomic}
     uint ConcGCThreads                            = 1                                         {product} {ergonomic}
     uint G1ConcRefinementThreads                  = 4                                         {product} {ergonomic}
   size_t G1HeapRegionSize                         = 1048576                                   {product} {ergonomic}
    uintx GCDrainStackTargetSize                   = 64                                        {product} {ergonomic}
   size_t InitialHeapSize                          = 134217728                                 {product} {ergonomic}
   size_t MarkStackSize                            = 4194304                                   {product} {ergonomic}
   size_t MaxHeapSize                              = 2120220672                                {product} {ergonomic}
   size_t MinHeapDeltaBytes                        = 1048576                                   {product} {ergonomic}
   size_t MinHeapSize                              = 8388608                                   {product} {ergonomic}
    uintx NonNMethodCodeHeapSize                   = 5832780                                {pd product} {ergonomic}
    uintx NonProfiledCodeHeapSize                  = 122912730                              {pd product} {ergonomic}
    uintx ProfiledCodeHeapSize                     = 122912730                              {pd product} {ergonomic}
    uintx ReservedCodeCacheSize                    = 251658240                              {pd product} {ergonomic}
     bool SegmentedCodeCache                       = true                                      {product} {ergonomic}
     bool ShowCodeDetailsInExceptionMessages       = true                                   {manageable} {command line}
   size_t SoftMaxHeapSize                          = 2120220672                             {manageable} {ergonomic}
     bool UseCompressedOops                        = true                           {product lp64_product} {ergonomic}
     bool UseG1GC                                  = true                                      {product} {ergonomic}
     bool UseLargePagesIndividualAllocation        = false                                  {pd product} {ergonomic}

Logging:
Log output configuration:
 #0: stdout all=warning uptime,level,tags foldmultilines=false
 #1: stderr all=off uptime,level,tags foldmultilines=false

Environment Variables:
PATH=C:\Program Files\Common Files\Oracle\Java\javapath;C:\Program Files\Python312\Scripts\;C:\Program Files\Python312\;C:\Windows\system32;C:\Windows;C:\Windows\System32\Wbem;C:\Windows\System32\WindowsPowerShell\v1.0\;C:\Windows\System32\OpenSSH\;C:\Program Files\MySQL;C:\Program Files\MySQL\MySQL Shell 8.0;C:\Program Files\MySQL\MySQL Shell 8.0\bin;C:\Program Files\MySQL\MySQL Server 8.0\bin;C:\Program Files\dotnet\;C:\Program Files\Java\jdk-21\bin;C:\Program Files\MySQL\MySQL Shell 8.0\bin\;C:\Users\USER\AppData\Local\Microsoft\WindowsApps;
USERNAME=USER
OS=Windows_NT
PROCESSOR_IDENTIFIER=Intel64 Family 6 Model 78 Stepping 3, GenuineIntel
TMP=C:\Users\USER\AppData\Local\Temp
TEMP=C:\Users\USER\AppData\Local\Temp




Periodic native trim disabled

---------------  S Y S T E M  ---------------

OS:
 Windows 10 , 64 bit Build 19041 (10.0.19041.3636)
OS uptime: 0 days 23:23 hours

CPU: total 4 (initial active 4) (2 cores per cpu, 2 threads per core) family 6 model 78 stepping 3 microcode 0xcc, cx8, cmov, fxsr, ht, mmx, 3dnowpref, sse, sse2, sse3, ssse3, sse4.1, sse4.2, popcnt, lzcnt, tsc, tscinvbit, avx, avx2, aes, erms, clmul, bmi1, bmi2, adx, fma, vzeroupper, clflush, clflushopt, rdtscp, f16c
Processor Information for all 4 processors :
  Max Mhz: 2401, Current Mhz: 2401, Mhz Limit: 2401

Memory: 4k page, system-wide physical 8082M (2172M free)
TotalPageFile size 23267M (AvailPageFile size 105M)
current process WorkingSet (physical memory assigned to process): 10M, peak: 10M
current process commit charge ("private bytes"): 52M, peak: 180M

vm_info: Java HotSpot(TM) 64-Bit Server VM (21.0.2+13-LTS-58) for windows-amd64 JRE (21.0.2+13-LTS-58), built on 2024-01-05T18:32:24Z by "mach5one" with MS VC++ 17.1 (VS2022)

END.
